

 LOG file opened at 11/29/24 22:00:12

Total Number of Files=1

Data File: movies.csv

Log File: MOVIES$EXT_7032_1680.log



 LOG file opened at 11/29/24 22:00:12

Bad File: MOVIES$EXT_7032_1680.bad

Field Definitions for table MOVIES$EXT
  Record format DELIMITED BY NEWLINE
  Data in file has same endianness as the platform
  Rows with all null fields are accepted

  Fields in Data Source: 

    ID                              CHAR (10)
      Terminated by ","
      Enclosed by """ and """
      Trim whitespace same as SQL Loader
    TITLE                           CHAR (100)
      Terminated by ","
      Enclosed by """ and """
      Trim whitespace same as SQL Loader
    GENRES                          CHAR (100)
      Terminated by ","
      Enclosed by """ and """
      Trim whitespace same as SQL Loader
    DESCRIPTION                     CHAR (1000)
      Terminated by ","
      Enclosed by """ and """
      Trim whitespace same as SQL Loader
    DIRECTOR                        CHAR (100)
      Terminated by ","
      Enclosed by """ and """
      Trim whitespace same as SQL Loader
    ACTORS                          CHAR (500)
      Terminated by ","
      Enclosed by """ and """
      Trim whitespace same as SQL Loader
    RELEASE_YEAR                    CHAR (10)
      Terminated by ","
      Enclosed by """ and """
      Trim whitespace same as SQL Loader
    DURATION                        CHAR (10)
      Terminated by ","
      Enclosed by """ and """
      Trim whitespace same as SQL Loader
    RATING                          CHAR (10)
      Terminated by ","
      Enclosed by """ and """
      Trim whitespace same as SQL Loader
    VOTES                           CHAR (10)
      Terminated by ","
      Enclosed by """ and """
      Trim whitespace same as SQL Loader
    REVENUE_MILLIONS                CHAR (10)
      Terminated by ","
      Enclosed by """ and """
      Trim whitespace same as SQL Loader
    METASCORE                       CHAR (10)
      Terminated by ","
      Enclosed by """ and """
      Trim whitespace same as SQL Loader
